<?xml version="1.0" encoding="UTF-8"?>
<testng-results ignored="0" total="3" passed="3" failed="0" skipped="0">
  <reporter-output>
  </reporter-output>
  <suite started-at="2022-09-18T12:39:32 IST" name="Local" finished-at="2022-09-18T12:39:47 IST" duration-ms="14787">
    <groups>
    </groups>
    <test started-at="2022-09-18T12:39:32 IST" name="LocalTest-2" finished-at="2022-09-18T12:39:43 IST" duration-ms="10745">
      <class name="com.browserstack.LocalTest">
        <test-method is-config="true" signature="setUp()[pri:0, instance:com.browserstack.LocalTest@297ea53a]" started-at="2022-09-18T12:39:32 IST" name="setUp" finished-at="2022-09-18T12:39:39 IST" duration-ms="7182" status="PASS">
          <reporter-output>
          </reporter-output>
        </test-method> <!-- setUp -->
        <test-method signature="test()[pri:0, instance:com.browserstack.LocalTest@297ea53a]" started-at="2022-09-18T12:39:39 IST" name="test" finished-at="2022-09-18T12:39:40 IST" duration-ms="1191" status="PASS">
          <reporter-output>
          </reporter-output>
        </test-method> <!-- test -->
        <test-method is-config="true" signature="tearDown()[pri:0, instance:com.browserstack.LocalTest@297ea53a]" started-at="2022-09-18T12:39:40 IST" name="tearDown" finished-at="2022-09-18T12:39:43 IST" duration-ms="2294" status="PASS">
          <reporter-output>
          </reporter-output>
        </test-method> <!-- tearDown -->
      </class> <!-- com.browserstack.LocalTest -->
    </test> <!-- LocalTest-2 -->
    <test started-at="2022-09-18T12:39:32 IST" name="LocalTest-0" finished-at="2022-09-18T12:39:44 IST" duration-ms="12241">
      <class name="com.browserstack.LocalTest">
        <test-method is-config="true" signature="setUp()[pri:0, instance:com.browserstack.LocalTest@83298d7]" started-at="2022-09-18T12:39:32 IST" name="setUp" finished-at="2022-09-18T12:39:40 IST" duration-ms="7695" status="PASS">
          <reporter-output>
          </reporter-output>
        </test-method> <!-- setUp -->
        <test-method signature="test()[pri:0, instance:com.browserstack.LocalTest@83298d7]" started-at="2022-09-18T12:39:40 IST" name="test" finished-at="2022-09-18T12:39:42 IST" duration-ms="2404" status="PASS">
          <reporter-output>
          </reporter-output>
        </test-method> <!-- test -->
        <test-method is-config="true" signature="tearDown()[pri:0, instance:com.browserstack.LocalTest@83298d7]" started-at="2022-09-18T12:39:42 IST" name="tearDown" finished-at="2022-09-18T12:39:44 IST" duration-ms="2061" status="PASS">
          <reporter-output>
          </reporter-output>
        </test-method> <!-- tearDown -->
      </class> <!-- com.browserstack.LocalTest -->
    </test> <!-- LocalTest-0 -->
    <test started-at="2022-09-18T12:39:32 IST" name="LocalTest-1" finished-at="2022-09-18T12:39:47 IST" duration-ms="14787">
      <class name="com.browserstack.LocalTest">
        <test-method is-config="true" signature="setUp()[pri:0, instance:com.browserstack.LocalTest@2e029d61]" started-at="2022-09-18T12:39:32 IST" name="setUp" finished-at="2022-09-18T12:39:44 IST" duration-ms="11808" status="PASS">
          <reporter-output>
          </reporter-output>
        </test-method> <!-- setUp -->
        <test-method signature="test()[pri:0, instance:com.browserstack.LocalTest@2e029d61]" started-at="2022-09-18T12:39:44 IST" name="test" finished-at="2022-09-18T12:39:45 IST" duration-ms="962" status="PASS">
          <reporter-output>
          </reporter-output>
        </test-method> <!-- test -->
        <test-method is-config="true" signature="tearDown()[pri:0, instance:com.browserstack.LocalTest@2e029d61]" started-at="2022-09-18T12:39:45 IST" name="tearDown" finished-at="2022-09-18T12:39:47 IST" duration-ms="1946" status="PASS">
          <reporter-output>
          </reporter-output>
        </test-method> <!-- tearDown -->
      </class> <!-- com.browserstack.LocalTest -->
    </test> <!-- LocalTest-1 -->
  </suite> <!-- Local -->
</testng-results>
